<?xml version="1.0" encoding="UTF-8"?>
<testng-results ignored="0" total="1" passed="1" failed="0" skipped="0">
  <reporter-output>
  </reporter-output>
  <suite started-at="2026-08-24T16:56:21 IST" name="Default suite" finished-at="2026-08-24T16:56:29 IST" duration-ms="8695">
    <groups>
    </groups>
    <test started-at="2026-08-24T16:56:21 IST" name="Default test" finished-at="2026-08-24T16:56:29 IST" duration-ms="8695">
      <class name="tests.SignupTest">
        <test-method is-config="true" signature="setup()[pri:0, instance:tests.SignupTest@cd3fee8]" started-at="2026-08-24T16:56:21 IST" name="setup" finished-at="2026-08-24T16:56:29 IST" duration-ms="8646" status="PASS">
          <reporter-output>
          </reporter-output>
        </test-method> <!-- setup -->
        <test-method signature="launchSite()[pri:0, instance:tests.SignupTest@cd3fee8]" started-at="2026-08-24T16:56:29 IST" name="launchSite" finished-at="2026-08-24T16:56:29 IST" duration-ms="11" status="PASS">
          <reporter-output>
          </reporter-output>
        </test-method> <!-- launchSite -->
      </class> <!-- tests.SignupTest -->
    </test> <!-- Default test -->
  </suite> <!-- Default suite -->
</testng-results>
