<?xml version="1.0" encoding="UTF-8"?>
<testng-results ignored="0" total="1" passed="1" failed="0" skipped="0">
  <reporter-output>
  </reporter-output>
  <suite started-at="2026-08-31T23:24:16 IST" name="Default suite" finished-at="2026-08-31T23:24:38 IST" duration-ms="21910">
    <groups>
    </groups>
    <test started-at="2026-08-31T23:24:16 IST" name="Default test" finished-at="2026-08-31T23:24:38 IST" duration-ms="21910">
      <class name="tests.Logintests">
        <test-method is-config="true" signature="setup()[pri:0, instance:tests.Logintests@cd3fee8]" started-at="2026-08-31T23:24:16 IST" name="setup" finished-at="2026-08-31T23:24:37 IST" duration-ms="20943" status="PASS">
          <reporter-output>
          </reporter-output>
        </test-method> <!-- setup -->
        <test-method signature="loginWithValidCredentials()[pri:0, instance:tests.Logintests@cd3fee8]" started-at="2026-08-31T23:24:37 IST" name="loginWithValidCredentials" finished-at="2026-08-31T23:24:38 IST" duration-ms="872" status="PASS">
          <reporter-output>
          </reporter-output>
        </test-method> <!-- loginWithValidCredentials -->
      </class> <!-- tests.Logintests -->
    </test> <!-- Default test -->
  </suite> <!-- Default suite -->
</testng-results>
